<?xml version="1.0" encoding="UTF-8"?>
<testng-results skipped="0" failed="0" ignored="0" total="2" passed="2">
  <reporter-output>
  </reporter-output>
  <suite name="Default suite" duration-ms="34633" started-at="2022-02-07T13:42:38Z" finished-at="2022-02-07T13:43:13Z">
    <groups>
    </groups>
    <test name="Default test" duration-ms="34633" started-at="2022-02-07T13:42:38Z" finished-at="2022-02-07T13:43:13Z">
      <class name="com.p99soft.test.LoginTest">
        <test-method status="PASS" signature="initialization()[pri:0, instance:com.p99soft.test.LoginTest@159f197]" name="initialization" is-config="true" duration-ms="30743" started-at="2022-02-07T19:12:38Z" finished-at="2022-02-07T19:13:09Z">
          <reporter-output>
          </reporter-output>
        </test-method> <!-- initialization -->
        <test-method status="PASS" signature="login()[pri:0, instance:com.p99soft.test.LoginTest@159f197]" name="login" duration-ms="2751" started-at="2022-02-07T19:13:09Z" finished-at="2022-02-07T19:13:12Z">
          <reporter-output>
          </reporter-output>
        </test-method> <!-- login -->
        <test-method status="PASS" signature="verifyLoginErrorwithBlankPhoneEmail()[pri:0, instance:com.p99soft.test.LoginTest@159f197]" name="verifyLoginErrorwithBlankPhoneEmail" duration-ms="1015" started-at="2022-02-07T19:13:12Z" depends-on-methods="com.p99soft.test.LoginTest.login" finished-at="2022-02-07T19:13:13Z">
          <reporter-output>
          </reporter-output>
        </test-method> <!-- verifyLoginErrorwithBlankPhoneEmail -->
      </class> <!-- com.p99soft.test.LoginTest -->
    </test> <!-- Default test -->
  </suite> <!-- Default suite -->
</testng-results>
